<?xml version="1.0" encoding="UTF-8"?>
<!-- Generated by org.testng.reporters.JUnitReportReporter -->
<testsuite hostname="DESKTOP-GCECMT2" failures="0" tests="11" name="com.qa.opencart.tests.ProductInfoPageTest" time="0.000" errors="0" timestamp="2025-05-25T12:58:44 IST" skipped="11">
  <testcase classname="com.qa.opencart.tests.ProductInfoPageTest" name="productImageCountTest" time="0.000">
    <skipped/>
  </testcase> <!-- productImageCountTest -->
  <system-out/>
  <testcase classname="com.qa.opencart.tests.ProductInfoPageTest" name="productImageCountTest" time="0.000">
    <skipped/>
  </testcase> <!-- productImageCountTest -->
  <system-out/>
  <testcase classname="com.qa.opencart.tests.ProductInfoPageTest" name="productHeaderTest" time="0.000">
    <skipped/>
  </testcase> <!-- productHeaderTest -->
  <system-out/>
  <testcase classname="com.qa.opencart.tests.ProductInfoPageTest" name="productImageCountTest" time="0.000">
    <skipped/>
  </testcase> <!-- productImageCountTest -->
  <system-out/>
  <testcase classname="com.qa.opencart.tests.ProductInfoPageTest" name="productHeaderTest" time="0.000">
    <skipped/>
  </testcase> <!-- productHeaderTest -->
  <system-out/>
  <testcase classname="com.qa.opencart.tests.ProductInfoPageTest" name="productImageCountTest" time="0.000">
    <skipped/>
  </testcase> <!-- productImageCountTest -->
  <system-out/>
  <testcase classname="com.qa.opencart.tests.ProductInfoPageTest" name="productHeaderTest" time="0.000">
    <skipped/>
  </testcase> <!-- productHeaderTest -->
  <system-out/>
  <testcase classname="com.qa.opencart.tests.ProductInfoPageTest" name="productHeaderTest" time="0.000">
    <skipped/>
  </testcase> <!-- productHeaderTest -->
  <system-out/>
  <testcase classname="com.qa.opencart.tests.ProductInfoPageTest" name="productHeaderTest" time="0.000">
    <skipped/>
  </testcase> <!-- productHeaderTest -->
  <system-out/>
  <testcase classname="com.qa.opencart.tests.ProductInfoPageTest" name="productInfoTest" time="0.000">
    <skipped/>
  </testcase> <!-- productInfoTest -->
  <system-out/>
  <testcase classname="com.qa.opencart.tests.ProductInfoPageTest" name="productImageCountTest" time="0.000">
    <skipped/>
  </testcase> <!-- productImageCountTest -->
  <system-out/>
</testsuite> <!-- com.qa.opencart.tests.ProductInfoPageTest -->
