<?xml version="1.0" encoding="UTF-8"?>
<!-- Generated by org.testng.reporters.JUnitReportReporter -->
<testsuite hostname="DESKTOP-GCECMT2" failures="0" tests="1" name="com.qa.opencart.tests.SearchTest" time="0.000" errors="0" timestamp="2025-05-25T12:58:44 IST" skipped="1">
  <testcase classname="com.qa.opencart.tests.SearchTest" name="searchTest" time="0.000">
    <skipped/>
  </testcase> <!-- searchTest -->
  <system-out/>
</testsuite> <!-- com.qa.opencart.tests.SearchTest -->
